0 info it worked if it ends with ok
1 verbose cli [ '/usr/local/Cellar/node/7.2.1/bin/node',
1 verbose cli   '/Users/nico/.npm-packages/bin/npm',
1 verbose cli   'i' ]
2 info using npm@3.10.6
3 info using node@v7.2.1
4 silly loadCurrentTree Starting
5 silly install loadCurrentTree
6 silly install readLocalPackageData
7 silly install normalizeTree
8 silly loadCurrentTree Finishing
9 silly loadIdealTree Starting
10 silly install loadIdealTree
11 silly cloneCurrentTree Starting
12 silly install cloneCurrentTreeToIdealTree
13 silly cloneCurrentTree Finishing
14 silly loadShrinkwrap Starting
15 silly install loadShrinkwrap
16 silly loadShrinkwrap Finishing
17 silly loadAllDepsIntoIdealTree Starting
18 silly install loadAllDepsIntoIdealTree
19 silly fetchNamedPackageData gulp-uglify
20 silly mapToRegistry name gulp-uglify
21 silly mapToRegistry using default registry
22 silly mapToRegistry registry https://registry.npmjs.org/
23 silly mapToRegistry data Result {
23 silly mapToRegistry   raw: 'gulp-uglify',
23 silly mapToRegistry   scope: null,
23 silly mapToRegistry   escapedName: 'gulp-uglify',
23 silly mapToRegistry   name: 'gulp-uglify',
23 silly mapToRegistry   rawSpec: '',
23 silly mapToRegistry   spec: 'latest',
23 silly mapToRegistry   type: 'tag' }
24 silly mapToRegistry uri https://registry.npmjs.org/gulp-uglify
25 verbose request uri https://registry.npmjs.org/gulp-uglify
26 verbose request no auth needed
27 info attempt registry request try #1 at 13:36:01
28 verbose request id 4f51275586efbba3
29 verbose etag W/"5876e9d9-bbc0"
30 verbose lastModified Thu, 12 Jan 2017 02:28:41 GMT
31 http request GET https://registry.npmjs.org/gulp-uglify
32 http 304 https://registry.npmjs.org/gulp-uglify
33 verbose headers { date: 'Sat, 14 Jan 2017 12:36:01 GMT',
33 verbose headers   via: '1.1 varnish',
33 verbose headers   'cache-control': 'max-age=300',
33 verbose headers   etag: 'W/"5876e9d9-bbc0"',
33 verbose headers   age: '165',
33 verbose headers   connection: 'keep-alive',
33 verbose headers   'x-served-by': 'cache-lhr6340-LHR',
33 verbose headers   'x-cache': 'HIT',
33 verbose headers   'x-cache-hits': '2',
33 verbose headers   'x-timer': 'S1484397361.315609,VS0,VE0',
33 verbose headers   vary: 'Accept-Encoding' }
34 silly get cb [ 304,
34 silly get   { date: 'Sat, 14 Jan 2017 12:36:01 GMT',
34 silly get     via: '1.1 varnish',
34 silly get     'cache-control': 'max-age=300',
34 silly get     etag: 'W/"5876e9d9-bbc0"',
34 silly get     age: '165',
34 silly get     connection: 'keep-alive',
34 silly get     'x-served-by': 'cache-lhr6340-LHR',
34 silly get     'x-cache': 'HIT',
34 silly get     'x-cache-hits': '2',
34 silly get     'x-timer': 'S1484397361.315609,VS0,VE0',
34 silly get     vary: 'Accept-Encoding' } ]
35 verbose etag https://registry.npmjs.org/gulp-uglify from cache
36 verbose get saving gulp-uglify to /Users/nico/.npm/registry.npmjs.org/gulp-uglify/.cache.json
37 verbose correctMkdir /Users/nico/.npm correctMkdir not in flight; initializing
38 silly fetchNamedPackageData No valid target from cache, forcing network
39 verbose request uri https://registry.npmjs.org/gulp-uglify
40 verbose request no auth needed
41 info attempt registry request try #1 at 13:36:01
42 http request GET https://registry.npmjs.org/gulp-uglify
43 http 200 https://registry.npmjs.org/gulp-uglify
44 verbose headers { server: 'nginx/1.10.1',
44 verbose headers   'content-type': 'application/json',
44 verbose headers   'last-modified': 'Thu, 12 Jan 2017 02:28:41 GMT',
44 verbose headers   etag: 'W/"5876e9d9-bbc0"',
44 verbose headers   'content-encoding': 'gzip',
44 verbose headers   'cache-control': 'max-age=300',
44 verbose headers   'content-length': '9164',
44 verbose headers   'accept-ranges': 'bytes',
44 verbose headers   date: 'Sat, 14 Jan 2017 12:36:01 GMT',
44 verbose headers   via: '1.1 varnish',
44 verbose headers   age: '165',
44 verbose headers   connection: 'keep-alive',
44 verbose headers   'x-served-by': 'cache-lhr6340-LHR',
44 verbose headers   'x-cache': 'HIT',
44 verbose headers   'x-cache-hits': '3',
44 verbose headers   'x-timer': 'S1484397361.363766,VS0,VE0',
44 verbose headers   vary: 'Accept-Encoding' }
45 silly get cb [ 200,
45 silly get   { server: 'nginx/1.10.1',
45 silly get     'content-type': 'application/json',
45 silly get     'last-modified': 'Thu, 12 Jan 2017 02:28:41 GMT',
45 silly get     etag: 'W/"5876e9d9-bbc0"',
45 silly get     'content-encoding': 'gzip',
45 silly get     'cache-control': 'max-age=300',
45 silly get     'content-length': '9164',
45 silly get     'accept-ranges': 'bytes',
45 silly get     date: 'Sat, 14 Jan 2017 12:36:01 GMT',
45 silly get     via: '1.1 varnish',
45 silly get     age: '165',
45 silly get     connection: 'keep-alive',
45 silly get     'x-served-by': 'cache-lhr6340-LHR',
45 silly get     'x-cache': 'HIT',
45 silly get     'x-cache-hits': '3',
45 silly get     'x-timer': 'S1484397361.363766,VS0,VE0',
45 silly get     vary: 'Accept-Encoding' } ]
46 verbose get saving gulp-uglify to /Users/nico/.npm/registry.npmjs.org/gulp-uglify/.cache.json
47 verbose correctMkdir /Users/nico/.npm correctMkdir not in flight; initializing
48 silly fetchPackageMetaData Error: No compatible version found: gulp-uglify@master
48 silly fetchPackageMetaData Valid install targets:
48 silly fetchPackageMetaData 2.0.0, 1.5.4, 1.5.3, 1.5.2, 1.5.1, 1.4.2, 1.4.1, 1.4.0, 1.3.0, 1.2.0, 1.1.0, 1.0.2, 1.0.1, 1.0.0, 1.0.0-0, 0.3.2, 0.3.1, 0.3.0, 0.2.1, 0.2.0, 0.1.0, 0.0.4, 0.0.3, 0.0.1
48 silly fetchPackageMetaData
48 silly fetchPackageMetaData     at pickVersionFromRegistryDocument (/Users/nico/.npm-packages/lib/node_modules/npm/lib/fetch-package-metadata.js:178:16)
48 silly fetchPackageMetaData     at /Users/nico/.npm-packages/lib/node_modules/npm/node_modules/iferr/index.js:13:50
48 silly fetchPackageMetaData     at /Users/nico/.npm-packages/lib/node_modules/npm/lib/utils/pulse-till-done.js:20:8
48 silly fetchPackageMetaData     at saved (/Users/nico/.npm-packages/lib/node_modules/npm/lib/cache/caching-client.js:174:7)
48 silly fetchPackageMetaData     at /Users/nico/.npm-packages/lib/node_modules/npm/node_modules/graceful-fs/polyfills.js:210:7
48 silly fetchPackageMetaData     at FSReqWrap.oncomplete (fs.js:111:15)
48 silly fetchPackageMetaData  error for gulp-uglify@master Error: No compatible version found: gulp-uglify@master
48 silly fetchPackageMetaData Valid install targets:
48 silly fetchPackageMetaData 2.0.0, 1.5.4, 1.5.3, 1.5.2, 1.5.1, 1.4.2, 1.4.1, 1.4.0, 1.3.0, 1.2.0, 1.1.0, 1.0.2, 1.0.1, 1.0.0, 1.0.0-0, 0.3.2, 0.3.1, 0.3.0, 0.2.1, 0.2.0, 0.1.0, 0.0.4, 0.0.3, 0.0.1
48 silly fetchPackageMetaData
48 silly fetchPackageMetaData     at pickVersionFromRegistryDocument (/Users/nico/.npm-packages/lib/node_modules/npm/lib/fetch-package-metadata.js:178:16)
48 silly fetchPackageMetaData     at /Users/nico/.npm-packages/lib/node_modules/npm/node_modules/iferr/index.js:13:50
48 silly fetchPackageMetaData     at /Users/nico/.npm-packages/lib/node_modules/npm/lib/utils/pulse-till-done.js:20:8
48 silly fetchPackageMetaData     at saved (/Users/nico/.npm-packages/lib/node_modules/npm/lib/cache/caching-client.js:174:7)
48 silly fetchPackageMetaData     at /Users/nico/.npm-packages/lib/node_modules/npm/node_modules/graceful-fs/polyfills.js:210:7
48 silly fetchPackageMetaData     at FSReqWrap.oncomplete (fs.js:111:15)
49 silly rollbackFailedOptional Starting
50 silly rollbackFailedOptional Finishing
51 silly runTopLevelLifecycles Starting
52 silly runTopLevelLifecycles Finishing
53 silly install printInstalled
54 verbose stack Error: No compatible version found: gulp-uglify@master
54 verbose stack Valid install targets:
54 verbose stack 2.0.0, 1.5.4, 1.5.3, 1.5.2, 1.5.1, 1.4.2, 1.4.1, 1.4.0, 1.3.0, 1.2.0, 1.1.0, 1.0.2, 1.0.1, 1.0.0, 1.0.0-0, 0.3.2, 0.3.1, 0.3.0, 0.2.1, 0.2.0, 0.1.0, 0.0.4, 0.0.3, 0.0.1
54 verbose stack
54 verbose stack     at pickVersionFromRegistryDocument (/Users/nico/.npm-packages/lib/node_modules/npm/lib/fetch-package-metadata.js:178:16)
54 verbose stack     at /Users/nico/.npm-packages/lib/node_modules/npm/node_modules/iferr/index.js:13:50
54 verbose stack     at /Users/nico/.npm-packages/lib/node_modules/npm/lib/utils/pulse-till-done.js:20:8
54 verbose stack     at saved (/Users/nico/.npm-packages/lib/node_modules/npm/lib/cache/caching-client.js:174:7)
54 verbose stack     at /Users/nico/.npm-packages/lib/node_modules/npm/node_modules/graceful-fs/polyfills.js:210:7
54 verbose stack     at FSReqWrap.oncomplete (fs.js:111:15)
55 verbose cwd /Volumes/Code/hackardennes
56 error Darwin 15.6.0
57 error argv "/usr/local/Cellar/node/7.2.1/bin/node" "/Users/nico/.npm-packages/bin/npm" "i"
58 error node v7.2.1
59 error npm  v3.10.6
60 error No compatible version found: gulp-uglify@master
60 error Valid install targets:
60 error 2.0.0, 1.5.4, 1.5.3, 1.5.2, 1.5.1, 1.4.2, 1.4.1, 1.4.0, 1.3.0, 1.2.0, 1.1.0, 1.0.2, 1.0.1, 1.0.0, 1.0.0-0, 0.3.2, 0.3.1, 0.3.0, 0.2.1, 0.2.0, 0.1.0, 0.0.4, 0.0.3, 0.0.1
61 error If you need help, you may report this error at:
61 error     <https://github.com/npm/npm/issues>
62 verbose exit [ 1, true ]
